RUN	SWADotCom	swadotcom	1599659237789	 	3.3.1
USER	SWADotCom	1	START	1599659239601	1599659239601
REQUEST	1		request_0	1599659239642	1599659239827	OK	 
ERROR	request_18: Failed to build request: Resource /swadotcom/0018_request.json not found 	1599659240009
ERROR	request_46: Failed to build request: Resource /swadotcom/0046_request.json not found 	1599659240026
REQUEST	1		swa-common.js	1599659240697	1599659241227	OK	 
REQUEST	1		vendor.js	1599659241238	1599659242332	OK	 
REQUEST	1		request_28	1599659240064	1599659242342	OK	 
REQUEST	1		request_82	1599659240113	1599659242343	OK	 
REQUEST	1		request_85	1599659240158	1599659242354	OK	 
REQUEST	1		app.css	1599659240698	1599659242646	OK	 
REQUEST	1		en.js	1599659242340	1599659243207	OK	 
REQUEST	1		request_82	1599659242353	1599659243209	OK	 
REQUEST	1		request_83	1599659240160	1599659243242	OK	 
REQUEST	1		request_87	1599659240192	1599659243243	OK	 
REQUEST	1		request_22	1599659240451	1599659243245	OK	 
REQUEST	1		request_23	1599659240494	1599659243246	OK	 
REQUEST	1		request_30	1599659240495	1599659243247	OK	 
REQUEST	1		request_52	1599659240496	1599659243248	OK	 
REQUEST	1		request_80	1599659240496	1599659243249	OK	 
REQUEST	1		request_29	1599659240539	1599659243250	OK	 
REQUEST	1		request_76	1599659240582	1599659243250	OK	 
REQUEST	1		request_86	1599659240583	1599659243251	OK	 
REQUEST	1		request_31	1599659240624	1599659243483	OK	 
REQUEST	1		en.js	1599659242680	1599659243485	OK	 
REQUEST	1		landing-home-page-theme.css	1599659240699	1599659243487	OK	 
REQUEST	1		status.js	1599659240700	1599659243490	OK	 
REQUEST	1		analytics.js	1599659240700	1599659243500	OK	 
REQUEST	1		mp_linkcode.js	1599659240701	1599659243503	OK	 
REQUEST	1		request_25	1599659240701	1599659243505	OK	 
REQUEST	1		request_16	1599659240737	1599659243508	OK	 
REQUEST	1		request_84	1599659240811	1599659243511	OK	 
REQUEST	1		request_89	1599659240869	1599659243515	OK	 
REQUEST	1		request_90	1599659240911	1599659243517	OK	 
REQUEST	1		en.js	1599659243208	1599659243533	OK	 
REQUEST	1		request_22	1599659243246	1599659243536	OK	 
REQUEST	1		data.js	1599659243486	1599659243538	OK	 
REQUEST	1		request_5	1599659243502	1599659243546	OK	 
REQUEST	1		request_91	1599659240912	1599659243552	OK	 
REQUEST	1		request_24	1599659240841	1599659243560	OK	 
REQUEST	1		request_27	1599659240843	1599659243561	OK	 
REQUEST	1		request_92	1599659240913	1599659243562	OK	 
REQUEST	1		request_15	1599659241026	1599659243564	OK	 
REQUEST	1		request_42	1599659241129	1599659243566	OK	 
REQUEST	1		request_10	1599659243534	1599659243569	OK	 
REQUEST	1		app.js	1599659243489	1599659243795	OK	 
REQUEST	1		ads.js	1599659243491	1599659243797	OK	 
REQUEST	1		request_77	1599659241010	1599659243798	OK	 
REQUEST	1		request_39	1599659241128	1599659244021	OK	 
REQUEST	1		request_14	1599659243570	1599659244023	OK	 
REQUEST	1		request_40	1599659240655	1599659244026	OK	 
REQUEST	1		request_12	1599659243539	1599659244035	OK	 
REQUEST	1		request_17	1599659243796	1599659244037	OK	 
REQUEST	1		request_19	1599659243797	1599659244039	OK	 
REQUEST	1		request_13	1599659243547	1599659244040	OK	 
REQUEST	1		request_6	1599659243503	1599659244045	OK	 
REQUEST	1		request_88	1599659240843	1599659244047	OK	 
REQUEST	1		request_93	1599659240868	1599659244049	OK	 
REQUEST	1		request_79	1599659240914	1599659244050	OK	 
REQUEST	1		request_48	1599659241069	1599659244051	OK	 
REQUEST	1		request_32	1599659241111	1599659244053	OK	 
REQUEST	1		request_41	1599659241128	1599659244055	OK	 
REQUEST	1		request_45	1599659243567	1599659244060	OK	 
REQUEST	1		request_43	1599659241129	1599659244062	OK	 
REQUEST	1		request_44	1599659241130	1599659244063	OK	 
REQUEST	1		request_78	1599659241175	1599659244068	OK	 
REQUEST	1		request_81	1599659241177	1599659244071	OK	 
REQUEST	1		request_14	1599659244024	1599659244077	OK	 
REQUEST	1		request_20	1599659244036	1599659244079	OK	 
REQUEST	1		request_21	1599659244037	1599659244083	OK	 
REQUEST	1		request_26	1599659244039	1599659244085	OK	 
REQUEST	1		request_50	1599659244046	1599659244088	OK	 
REQUEST	1		request_47	1599659244022	1599659244090	OK	 
REQUEST	1		request_74	1599659244054	1599659244091	OK	 
REQUEST	1		request_54	1599659244084	1599659244094	OK	 
REQUEST	1		request_51	1599659244078	1599659244096	OK	 
REQUEST	1		request_26	1599659244086	1599659244099	OK	 
REQUEST	1		request_78	1599659244070	1599659244104	OK	 
REQUEST	1		request_48	1599659244052	1599659244124	OK	 
REQUEST	1		request_59	1599659244100	1599659244125	OK	 
REQUEST	1		request_75	1599659244056	1599659244127	OK	 
REQUEST	1		request_82	1599659243210	1599659244128	OK	 
REQUEST	1		request_33	1599659241131	1599659244133	OK	 
REQUEST	1		request_34	1599659241172	1599659244133	OK	 
REQUEST	1		request_36	1599659241173	1599659244134	OK	 
REQUEST	1		request_38	1599659241174	1599659244135	OK	 
REQUEST	1		request_37	1599659241173	1599659244136	OK	 
REQUEST	1		request_35	1599659241172	1599659244137	OK	 
REQUEST	1		request_60	1599659244126	1599659244137	OK	 
REQUEST	1		request_82	1599659244129	1599659244159	OK	 
REQUEST	1		request_58	1599659244096	1599659244160	OK	 
REQUEST	1		request_55	1599659240781	1599659244162	OK	 
REQUEST	1		request_62	1599659244160	1599659244175	OK	 
REQUEST	1		request_61	1599659244138	1599659244176	OK	 
REQUEST	1		request_64	1599659244177	1599659244254	OK	 
REQUEST	1		request_63	1599659244176	1599659244255	OK	 
REQUEST	1		request_57	1599659244094	1599659244261	OK	 
REQUEST	1		request_49	1599659244041	1599659244262	OK	 
REQUEST	1		request_56	1599659244088	1599659244263	OK	 
REQUEST	1		request_78	1599659244105	1599659244265	OK	 
REQUEST	1		request_66	1599659244256	1599659244269	OK	 
REQUEST	1		request_65	1599659244254	1599659244270	OK	 
REQUEST	1		request_69	1599659244264	1599659244273	OK	 
REQUEST	1		request_70	1599659244269	1599659244278	OK	 
REQUEST	1		request_72	1599659244273	1599659244283	OK	 
REQUEST	1		request_71	1599659244271	1599659244285	OK	 
REQUEST	1		request_73	1599659244278	1599659244288	OK	 
REQUEST	1		request_78	1599659244266	1599659244310	OK	 
REQUEST	1		request_53	1599659244080	1599659244328	OK	 
REQUEST	1		request_67	1599659244261	1599659244331	OK	 
REQUEST	1		request_68	1599659244262	1599659244340	OK	 
REQUEST	1		request_88	1599659244048	1599659244432	OK	 
REQUEST	1		request_78	1599659244311	1599659244489	OK	 
REQUEST	1		request_78	1599659244490	1599659244531	OK	 
REQUEST	1		request_94	1599659245554	1599659245709	OK	 
USER	SWADotCom	1	END	1599659239601	1599659245729
